#-----------------------------------------------------------
# Vivado v2019.1 (64-bit)
# SW Build 2552052 on Fri May 24 14:49:42 MDT 2019
# IP Build 2548770 on Fri May 24 18:01:18 MDT 2019
# Start of session at: Fri Jun 23 23:17:30 2023
# Process ID: 12064
# Current directory: C:/Users/Mohammad/Desktop/term 8/sobel-edge-detection
# Command line: vivado.exe -gui_launcher_event rodinguilauncherevent18632 C:\Users\Mohammad\Desktop\term 8\sobel-edge-detection\sobel-edge-detection.xpr
# Log file: C:/Users/Mohammad/Desktop/term 8/sobel-edge-detection/vivado.log
# Journal file: C:/Users/Mohammad/Desktop/term 8/sobel-edge-detection\vivado.jou
#-----------------------------------------------------------
start_gui
open_project {C:/Users/Mohammad/Desktop/term 8/sobel-edge-detection/sobel-edge-detection.xpr}
INFO: [Project 1-313] Project file moved from 'C:/Users/Mohammad/Desktop/term 8/FPGA/finl project - 98242093/sobel-edge-detection' since last save.
Scanning sources...
Finished scanning sources
INFO: [IP_Flow 19-234] Refreshing IP repositories
INFO: [IP_Flow 19-1704] No user IP repositories specified
INFO: [IP_Flow 19-2313] Loaded Vivado IP repository 'D:/Vivado/Vivado/2019.1/data/ip'.
open_project: Time (s): cpu = 00:00:15 ; elapsed = 00:00:06 . Memory (MB): peak = 1037.348 ; gain = 144.777
save_project_as project_1 {C:/Users/Mohammad/Desktop/term 8/FPGA/final project - 98242093/sobel_edge_detection/project_1} -force
INFO: [ProjectBase 1-489] The host OS only allows 260 characters in a normal path. The project is stored in a path with more than 80 characters. If you experience issues with IP, Block Designs, or files not being found, please consider moving the project to a location with a shorter path. Alternately consider using the OS subst command to map part of the path to a drive letter.
Current project path is 'C:/Users/Mohammad/Desktop/term 8/FPGA/final project - 98242093/sobel_edge_detection/project_1'
import_files
INFO: [filemgmt 20-348] Importing the appropriate files for fileset: 'constrs_1'
INFO: [filemgmt 20-348] Importing the appropriate files for fileset: 'sim_1'
INFO: [filemgmt 20-348] Importing the appropriate files for fileset: 'sources_1'
exit
INFO: [Common 17-206] Exiting Vivado at Fri Jun 23 23:18:41 2023...
